<?xml version="1.0" encoding="UTF-8" ?>
<testsuite tests="10" failures="3" name="stepdefs.TestRunner" time="78.066" errors="0" skipped="0">
  <properties>
[...]
</properties>
  <testcase classname="This feature would be creating a calculator for Add and Subtraction" name="To Add two numbers" time="2.229"/>
  <testcase classname="This feature would be creating a calculator for Add and Subtraction" name="To Add two numbers" time="1.093"/>
  <testcase classname="This feature would be creating a calculator for Add and Subtraction" name="To Add two numbers" time="1.206">
    <failure message="expected:&lt;18&gt; but was:&lt;17&gt;" type="java.lang.AssertionError">java.lang.AssertionError: expected:&lt;18&gt; but was:&lt;17&gt;
	at org.junit.Assert.fail(Assert.java:89)
	at org.junit.Assert.failNotEquals(Assert.java:835)
	at org.junit.Assert.assertEquals(Assert.java:647)
	at org.junit.Assert.assertEquals(Assert.java:633)
	at stepdefs.CalculatorStepDef.i_should_get_the_result_as(CalculatorStepDef.java:29)
	at ✽.I should get the result as 18(file:///C:/Users/DELL/eclipse-workspace/Cucumber_Project/src/test/java/features/Calculator.feature:11)
</failure>
    <system-out>
Scenario Outline: To Add two numbers # src/test/java/features/Calculator.feature:16
open the calculator
  Given I have a calculator          # stepdefs.CalculatorStepDef.i_have_a_calculator()
  When add 9 and 8                   # stepdefs.CalculatorStepDef.add_and(int,int)
  Then I should get the result as 18 # stepdefs.CalculatorStepDef.i_should_get_the_result_as(int)
      java.lang.AssertionError: expected:&lt;18&gt; but was:&lt;17&gt;
	at org.junit.Assert.fail(Assert.java:89)
	at org.junit.Assert.failNotEquals(Assert.java:835)
	at org.junit.Assert.assertEquals(Assert.java:647)
	at org.junit.Assert.assertEquals(Assert.java:633)
	at stepdefs.CalculatorStepDef.i_should_get_the_result_as(CalculatorStepDef.java:29)
	at ?.I should get the result as 18(file:///C:/Users/DELL/eclipse-workspace/Cucumber_Project/src/test/java/features/Calculator.feature:11)

</system-out>
    <system-err>Starting ChromeDriver 105.0.5195.52 (412c95e518836d8a7d97250d62b29c2ae6a26a85-refs/branch-heads/5195@{#853}) on port 18895
Only local connections are allowed.
Please see https://chromedriver.chromium.org/security-considerations for suggestions on keeping ChromeDriver safe.
ChromeDriver was started successfully.
Oct 09, 2022 12:31:43 PM org.openqa.selenium.remote.ProtocolHandshake createSession
INFO: Detected dialect: W3C
</system-err>
  </testcase>
  <testcase classname="This feature would be creating a calculator for Add and Subtraction" name="To Add two numbers" time="1.116">
    <failure message="expected:&lt;100&gt; but was:&lt;117&gt;" type="java.lang.AssertionError">java.lang.AssertionError: expected:&lt;100&gt; but was:&lt;117&gt;
	at org.junit.Assert.fail(Assert.java:89)
	at org.junit.Assert.failNotEquals(Assert.java:835)
	at org.junit.Assert.assertEquals(Assert.java:647)
	at org.junit.Assert.assertEquals(Assert.java:633)
	at stepdefs.CalculatorStepDef.i_should_get_the_result_as(CalculatorStepDef.java:29)
	at ✽.I should get the result as 100(file:///C:/Users/DELL/eclipse-workspace/Cucumber_Project/src/test/java/features/Calculator.feature:11)
</failure>
    <system-out>
Scenario Outline: To Add two numbers  # src/test/java/features/Calculator.feature:17
open the calculator
  Given I have a calculator           # stepdefs.CalculatorStepDef.i_have_a_calculator()
  When add 56 and 61                  # stepdefs.CalculatorStepDef.add_and(int,int)
  Then I should get the result as 100 # stepdefs.CalculatorStepDef.i_should_get_the_result_as(int)
      java.lang.AssertionError: expected:&lt;100&gt; but was:&lt;117&gt;
	at org.junit.Assert.fail(Assert.java:89)
	at org.junit.Assert.failNotEquals(Assert.java:835)
	at org.junit.Assert.assertEquals(Assert.java:647)
	at org.junit.Assert.assertEquals(Assert.java:633)
	at stepdefs.CalculatorStepDef.i_should_get_the_result_as(CalculatorStepDef.java:29)
	at ?.I should get the result as 100(file:///C:/Users/DELL/eclipse-workspace/Cucumber_Project/src/test/java/features/Calculator.feature:11)

</system-out>
    <system-err>Starting ChromeDriver 105.0.5195.52 (412c95e518836d8a7d97250d62b29c2ae6a26a85-refs/branch-heads/5195@{#853}) on port 35815
Only local connections are allowed.
Please see https://chromedriver.chromium.org/security-considerations for suggestions on keeping ChromeDriver safe.
ChromeDriver was started successfully.
Oct 09, 2022 12:31:44 PM org.openqa.selenium.remote.ProtocolHandshake createSession
INFO: Detected dialect: W3C
</system-err>
  </testcase>
  <testcase classname="This feature would be creating a calculator for Add and Subtraction" name="To Add multiple numbers" time="1.174">
    <failure message="expected:&lt;38&gt; but was:&lt;30&gt;" type="java.lang.AssertionError">java.lang.AssertionError: expected:&lt;38&gt; but was:&lt;30&gt;
	at org.junit.Assert.fail(Assert.java:89)
	at org.junit.Assert.failNotEquals(Assert.java:835)
	at org.junit.Assert.assertEquals(Assert.java:647)
	at org.junit.Assert.assertEquals(Assert.java:633)
	at stepdefs.CalculatorStepDef.i_should_get_the_result_as(CalculatorStepDef.java:29)
	at ✽.I should get the result as 38(file:///C:/Users/DELL/eclipse-workspace/Cucumber_Project/src/test/java/features/Calculator.feature:27)
</failure>
    <system-out>
Scenario: To Add multiple numbers    # src/test/java/features/Calculator.feature:19
open the calculator
  Given I have a calculator          # stepdefs.CalculatorStepDef.i_have_a_calculator()
  When I add below Numbers           # stepdefs.CalculatorStepDef.i_add_below_Numbers(java.util.List&lt;java.lang.Integer&gt;)
  Then I should get the result as 38 # stepdefs.CalculatorStepDef.i_should_get_the_result_as(int)
      java.lang.AssertionError: expected:&lt;38&gt; but was:&lt;30&gt;
	at org.junit.Assert.fail(Assert.java:89)
	at org.junit.Assert.failNotEquals(Assert.java:835)
	at org.junit.Assert.assertEquals(Assert.java:647)
	at org.junit.Assert.assertEquals(Assert.java:633)
	at stepdefs.CalculatorStepDef.i_should_get_the_result_as(CalculatorStepDef.java:29)
	at ?.I should get the result as 38(file:///C:/Users/DELL/eclipse-workspace/Cucumber_Project/src/test/java/features/Calculator.feature:27)

</system-out>
    <system-err>Starting ChromeDriver 105.0.5195.52 (412c95e518836d8a7d97250d62b29c2ae6a26a85-refs/branch-heads/5195@{#853}) on port 17546
Only local connections are allowed.
Please see https://chromedriver.chromium.org/security-considerations for suggestions on keeping ChromeDriver safe.
ChromeDriver was started successfully.
Oct 09, 2022 12:31:45 PM org.openqa.selenium.remote.ProtocolHandshake createSession
INFO: Detected dialect: W3C
</system-err>
  </testcase>
  <testcase classname="Login Feature Scenario" name="This scenario is to define the login happy path" time="14.48"/>
  <testcase classname="Login Feature Scenario" name="This sceanrio is to define the failure path" time="14.101"/>
  <testcase classname="Login Feature Scenario" name="This sceanrio is to define the failure path" time="14.536"/>
  <testcase classname="Login Feature Scenario" name="This sceanrio is to define the failure path" time="14.22"/>
  <testcase classname="Login Feature Scenario" name="This sceanrio is to define the failure path" time="13.911"/>
</testsuite>